# JRE version: Java(TM) SE Runtime Environment 18.9 (11.0.12+8) (build 11.0.12+8-LTS-237)
# Java VM: Java HotSpot(TM) 64-Bit Server VM 18.9 (11.0.12+8-LTS-237, mixed mode, tiered, compressed oops, g1 gc, windows-amd64)
Heap:
 garbage-first heap   total 236544K, used 83020K [0x0000000741e00000, 0x0000000800000000)
  region size 1024K, 73 young (74752K), 13 survivors (13312K)
 Metaspace       used 58453K, capacity 60304K, committed 60420K, reserved 1101824K
  class space    used 7593K, capacity 8354K, committed 8396K, reserved 1048576K
GC Heap History (10 events):
Event: 1.967 GC heap before
{Heap before GC invocations=3 (full 0):
 garbage-first heap   total 196608K, used 32047K [0x0000000741e00000, 0x0000000800000000)
  region size 1024K, 28 young (28672K), 6 survivors (6144K)
 Metaspace       used 23647K, capacity 24436K, committed 24496K, reserved 1071104K
  class space    used 2755K, capacity 3067K, committed 3072K, reserved 1048576K
}
Event: 1.972 GC heap after
{Heap after GC invocations=4 (full 0):
 garbage-first heap   total 196608K, used 10626K [0x0000000741e00000, 0x0000000800000000)
  region size 1024K, 2 young (2048K), 2 survivors (2048K)
 Metaspace       used 23647K, capacity 24436K, committed 24496K, reserved 1071104K
  class space    used 2755K, capacity 3067K, committed 3072K, reserved 1048576K
}
Event: 2.488 GC heap before
{Heap before GC invocations=4 (full 0):
 garbage-first heap   total 196608K, used 117122K [0x0000000741e00000, 0x0000000800000000)
  region size 1024K, 107 young (109568K), 2 survivors (2048K)
 Metaspace       used 27452K, capacity 28470K, committed 28720K, reserved 1075200K
  class space    used 3285K, capacity 3708K, committed 3712K, reserved 1048576K
}
Event: 2.492 GC heap after
{Heap after GC invocations=5 (full 0):
 garbage-first heap   total 196608K, used 12752K [0x0000000741e00000, 0x0000000800000000)
  region size 1024K, 4 young (4096K), 4 survivors (4096K)
 Metaspace       used 27452K, capacity 28470K, committed 28720K, reserved 1075200K
  class space    used 3285K, capacity 3708K, committed 3712K, reserved 1048576K
}
Event: 3.269 GC heap before
{Heap before GC invocations=5 (full 0):
 garbage-first heap   total 196608K, used 104912K [0x0000000741e00000, 0x0000000800000000)
  region size 1024K, 95 young (97280K), 4 survivors (4096K)
 Metaspace       used 34517K, capacity 35853K, committed 35920K, reserved 1081344K
  class space    used 4322K, capacity 4859K, committed 4864K, reserved 1048576K
}
Event: 3.276 GC heap after
{Heap after GC invocations=6 (full 0):
 garbage-first heap   total 196608K, used 16399K [0x0000000741e00000, 0x0000000800000000)
  region size 1024K, 7 young (7168K), 7 survivors (7168K)
 Metaspace       used 34517K, capacity 35853K, committed 35920K, reserved 1081344K
  class space    used 4322K, capacity 4859K, committed 4864K, reserved 1048576K
}
Event: 3.547 GC heap before
{Heap before GC invocations=7 (full 0):
 garbage-first heap   total 196608K, used 125967K [0x0000000741e00000, 0x0000000800000000)
  region size 1024K, 115 young (117760K), 7 survivors (7168K)
 Metaspace       used 36120K, capacity 37539K, committed 37788K, reserved 1081344K
  class space    used 4520K, capacity 5100K, committed 5196K, reserved 1048576K
}
Event: 3.555 GC heap after
{Heap after GC invocations=8 (full 0):
 garbage-first heap   total 236544K, used 17908K [0x0000000741e00000, 0x0000000800000000)
  region size 1024K, 9 young (9216K), 9 survivors (9216K)
 Metaspace       used 36120K, capacity 37539K, committed 37788K, reserved 1081344K
  class space    used 4520K, capacity 5100K, committed 5196K, reserved 1048576K
}
Event: 4.987 GC heap before
{Heap before GC invocations=8 (full 0):
 garbage-first heap   total 236544K, used 145908K [0x0000000741e00000, 0x0000000800000000)
  region size 1024K, 134 young (137216K), 9 survivors (9216K)
 Metaspace       used 55010K, capacity 56726K, committed 56860K, reserved 1097728K
  class space    used 7152K, capacity 7835K, committed 7884K, reserved 1048576K
}
Event: 4.997 GC heap after
{Heap after GC invocations=9 (full 0):
 garbage-first heap   total 236544K, used 22604K [0x0000000741e00000, 0x0000000800000000)
  region size 1024K, 13 young (13312K), 13 survivors (13312K)
 Metaspace       used 55010K, capacity 56726K, committed 56860K, reserved 1097728K
  class space    used 7152K, capacity 7835K, committed 7884K, reserved 1048576K
}

