# JRE version: Java(TM) SE Runtime Environment 18.9 (11.0.12+8) (build 11.0.12+8-LTS-237)
# Java VM: Java HotSpot(TM) 64-Bit Server VM 18.9 (11.0.12+8-LTS-237, mixed mode, tiered, compressed oops, g1 gc, windows-amd64)
Heap:
 garbage-first heap   total 236544K, used 99570K [0x0000000741e00000, 0x0000000800000000)
  region size 1024K, 89 young (91136K), 12 survivors (12288K)
 Metaspace       used 58488K, capacity 60304K, committed 60420K, reserved 1101824K
  class space    used 7599K, capacity 8354K, committed 8396K, reserved 1048576K
GC Heap History (10 events):
Event: 2.211 GC heap before
{Heap before GC invocations=5 (full 0):
 garbage-first heap   total 196608K, used 107052K [0x0000000741e00000, 0x0000000800000000)
  region size 1024K, 99 young (101376K), 3 survivors (3072K)
 Metaspace       used 26678K, capacity 27585K, committed 27824K, reserved 1073152K
  class space    used 3153K, capacity 3521K, committed 3584K, reserved 1048576K
}
Event: 2.215 GC heap after
{Heap after GC invocations=6 (full 0):
 garbage-first heap   total 196608K, used 11707K [0x0000000741e00000, 0x0000000800000000)
  region size 1024K, 5 young (5120K), 5 survivors (5120K)
 Metaspace       used 26678K, capacity 27585K, committed 27824K, reserved 1073152K
  class space    used 3153K, capacity 3521K, committed 3584K, reserved 1048576K
}
Event: 3.130 GC heap before
{Heap before GC invocations=6 (full 0):
 garbage-first heap   total 196608K, used 124347K [0x0000000741e00000, 0x0000000800000000)
  region size 1024K, 115 young (117760K), 5 survivors (5120K)
 Metaspace       used 33251K, capacity 34409K, committed 34608K, reserved 1079296K
  class space    used 4151K, capacity 4611K, committed 4736K, reserved 1048576K
}
Event: 3.137 GC heap after
{Heap after GC invocations=7 (full 0):
 garbage-first heap   total 196608K, used 15638K [0x0000000741e00000, 0x0000000800000000)
  region size 1024K, 8 young (8192K), 8 survivors (8192K)
 Metaspace       used 33251K, capacity 34409K, committed 34608K, reserved 1079296K
  class space    used 4151K, capacity 4611K, committed 4736K, reserved 1048576K
}
Event: 3.264 GC heap before
{Heap before GC invocations=7 (full 0):
 garbage-first heap   total 196608K, used 30998K [0x0000000741e00000, 0x0000000800000000)
  region size 1024K, 24 young (24576K), 8 survivors (8192K)
 Metaspace       used 34584K, capacity 35853K, committed 35920K, reserved 1081344K
  class space    used 4329K, capacity 4859K, committed 4864K, reserved 1048576K
}
Event: 3.272 GC heap after
{Heap after GC invocations=8 (full 0):
 garbage-first heap   total 196608K, used 16868K [0x0000000741e00000, 0x0000000800000000)
  region size 1024K, 9 young (9216K), 9 survivors (9216K)
 Metaspace       used 34584K, capacity 35853K, committed 35920K, reserved 1081344K
  class space    used 4329K, capacity 4859K, committed 4864K, reserved 1048576K
}
Event: 3.409 GC heap before
{Heap before GC invocations=9 (full 0):
 garbage-first heap   total 196608K, used 111076K [0x0000000741e00000, 0x0000000800000000)
  region size 1024K, 102 young (104448K), 9 survivors (9216K)
 Metaspace       used 35622K, capacity 37009K, committed 37148K, reserved 1081344K
  class space    used 4439K, capacity 4967K, committed 5068K, reserved 1048576K
}
Event: 3.417 GC heap after
{Heap after GC invocations=10 (full 0):
 garbage-first heap   total 236544K, used 17216K [0x0000000741e00000, 0x0000000800000000)
  region size 1024K, 8 young (8192K), 8 survivors (8192K)
 Metaspace       used 35622K, capacity 37009K, committed 37148K, reserved 1081344K
  class space    used 4439K, capacity 4967K, committed 5068K, reserved 1048576K
}
Event: 4.800 GC heap before
{Heap before GC invocations=10 (full 0):
 garbage-first heap   total 236544K, used 142144K [0x0000000741e00000, 0x0000000800000000)
  region size 1024K, 130 young (133120K), 8 survivors (8192K)
 Metaspace       used 53164K, capacity 54782K, committed 55068K, reserved 1097728K
  class space    used 6905K, capacity 7530K, committed 7628K, reserved 1048576K
}
Event: 4.810 GC heap after
{Heap after GC invocations=11 (full 0):
 garbage-first heap   total 236544K, used 21746K [0x0000000741e00000, 0x0000000800000000)
  region size 1024K, 12 young (12288K), 12 survivors (12288K)
 Metaspace       used 53164K, capacity 54782K, committed 55068K, reserved 1097728K
  class space    used 6905K, capacity 7530K, committed 7628K, reserved 1048576K
}

